<?xml version="1.0" encoding="UTF-8"?>
<!-- Generated by org.testng.reporters.JUnitReportReporter -->
<testsuite skipped="0" hostname="Lenovo" name="com.testg.features.Description_Demo" tests="1" failures="0" timestamp="2022-07-27T09:25:22 IST" time="0.040" errors="0">
  <testcase name="browser_Launch" time="0.040" classname="com.testg.features.Description_Demo"/>
  <system-out/>
</testsuite> <!-- com.testg.features.Description_Demo -->
