<?xml version="1.0" encoding="UTF-8"?>
<!-- Generated by org.testng.reporters.JUnitReportReporter -->
<testsuite skipped="0" hostname="Lenovo" name="com.testg.features.Priority_Demo" tests="4" failures="0" timestamp="2022-07-26T09:23:56 IST" time="0.277" errors="0">
  <testcase name="sslc" time="0.039" classname="com.testg.features.Priority_Demo"/>
  <system-out/>
  <testcase name="hsc" time="0.197" classname="com.testg.features.Priority_Demo"/>
  <system-out/>
  <testcase name="ug" time="0.012" classname="com.testg.features.Priority_Demo"/>
  <system-out/>
  <testcase name="pg" time="0.029" classname="com.testg.features.Priority_Demo"/>
  <system-out/>
</testsuite> <!-- com.testg.features.Priority_Demo -->
