<?xml version="1.0" encoding="UTF-8"?>
<!-- Generated by org.testng.reporters.JUnitReportReporter -->
<testsuite skipped="0" hostname="Lenovo" name="com.testg.features.Test_Demo" tests="3" failures="0" timestamp="2022-07-25T16:16:33 IST" time="0.175" errors="0">
  <testcase name="mobile" time="0.045" classname="com.testg.features.Test_Demo"/>
  <system-out/>
  <testcase name="laptop" time="0.024" classname="com.testg.features.Test_Demo"/>
  <system-out/>
  <testcase name="headphones" time="0.106" classname="com.testg.features.Test_Demo"/>
  <system-out/>
</testsuite> <!-- com.testg.features.Test_Demo -->
