<?xml version="1.0" encoding="UTF-8"?>
<!-- Generated by org.testng.reporters.JUnitReportReporter -->
<testsuite skipped="1" hostname="Lenovo" name="com.testg.features.Ignore_Concept" tests="3" failures="0" timestamp="2022-07-26T10:11:28 IST" time="0.031" errors="0">
  <testcase name="wynk" time="0.005" classname="com.testg.features.Ignore_Concept"/>
  <system-out/>
  <testcase name="spotify" time="0.026" classname="com.testg.features.Ignore_Concept"/>
  <system-out/>
  <testcase name="suriya_Notes" classname="com.testg.features.Ignore_Concept">
    <skipped/>
  </testcase> <!-- suriya_Notes -->
  <system-out/>
</testsuite> <!-- com.testg.features.Ignore_Concept -->
