<?xml version="1.0" encoding="UTF-8"?>
<!-- Generated by org.testng.reporters.JUnitReportReporter -->
<testsuite skipped="0" hostname="Lenovo" name="com.testg.features.Invocation_Count" tests="3" failures="0" timestamp="2022-07-26T14:28:45 IST" time="0.123" errors="0">
  <testcase name="browser_Launch" time="0.028" classname="com.testg.features.Invocation_Count"/>
  <system-out/>
  <testcase name="refresh" time="0.084" classname="com.testg.features.Invocation_Count"/>
  <system-out/>
  <testcase name="login" time="0.011" classname="com.testg.features.Invocation_Count"/>
  <system-out/>
</testsuite> <!-- com.testg.features.Invocation_Count -->
